<?xml version="1.0" encoding="UTF-8"?>
<coverage generated="1717840447153" clover="3.2.0">
  <project timestamp="1717840447153" name="All files">
    <metrics statements="5" coveredstatements="2" conditionals="0" coveredconditionals="0" methods="3" coveredmethods="1" elements="8" coveredelements="3" complexity="0" loc="5" ncloc="5" packages="1" files="2" classes="2"/>
    <file name="App.tsx" path="/Users/sds.mac.015/dev/frontend/tutuntest/src/App.tsx">
      <metrics statements="3" coveredstatements="2" conditionals="0" coveredconditionals="0" methods="3" coveredmethods="1"/>
      <line num="7" count="1" type="stmt"/>
      <line num="9" count="1" type="stmt"/>
      <line num="21" count="0" type="stmt"/>
    </file>
    <file name="main.tsx" path="/Users/sds.mac.015/dev/frontend/tutuntest/src/main.tsx">
      <metrics statements="2" coveredstatements="0" conditionals="0" coveredconditionals="0" methods="0" coveredmethods="0"/>
      <line num="6" count="0" type="stmt"/>
      <line num="14" count="0" type="stmt"/>
    </file>
  </project>
</coverage>
